p/806.png 1 0 0 176 180
p/808.png 1 0 0 200 193
p/807.png 1 0 0 183 176
p/805.png 1 0 0 208 205
p/804.png 1 0 0 277 260
p/803.png 1 0 0 205 204
p/802.png 1 0 0 187 170
p/801.png 1 0 0 202 198
p/800.png 1 0 0 182 172
p/799.png 1 0 0 197 212
p/798.png 1 0 0 171 163
p/797.png 1 0 0 215 206
p/796.png 1 0 0 174 181
p/795.png 1 0 0 184 182
p/794.png 1 0 0 286 255
p/793.png 1 0 0 191 183
p/792.png 1 0 0 190 190
p/791.png 1 0 0 173 169
p/790.png 1 0 0 198 192
p/789.png 1 0 0 255 241
p/788.png 1 0 0 299 270
p/787.png 1 0 0 262 256
p/786.png 1 0 0 248 257
p/785.png 1 0 0 279 278
p/784.png 1 0 0 271 271
p/783.png 1 0 0 225 196
p/782.png 1 0 0 183 169
p/781.png 1 0 0 182 186
p/780.png 1 0 0 238 226
p/779.png 1 0 0 178 178
p/778.png 1 0 0 252 242
p/777.png 1 0 0 195 184
p/776.png 1 0 0 254 239
p/775.png 1 0 0 190 186
p/774.png 1 0 0 252 233
p/773.png 1 0 0 190 176
p/772.png 1 0 0 178 175
p/771.png 1 0 0 241 238
p/770.png 1 0 0 191 179
p/769.png 1 0 0 249 256
p/768.png 1 0 0 187 189
p/767.png 1 0 0 202 182
p/766.png 1 0 0 184 173
p/765.png 1 0 0 238 243
p/764.png 1 0 0 176 171
p/763.png 1 0 0 207 191
p/762.png 1 0 0 203 183
p/761.png 1 0 0 171 177
p/760.png 1 0 0 174 175
p/759.png 1 0 0 178 157
p/758.png 1 0 0 162 152
p/757.png 1 0 0 142 148
p/756.png 1 0 0 172 172
p/755.png 1 0 0 165 155
p/754.png 1 0 0 191 171
p/753.png 1 0 0 158 140
p/752.png 1 0 0 179 158
p/751.png 1 0 0 186 197
p/750.png 1 0 0 184 156
p/749.png 1 0 0 153 140
p/748.png 1 0 0 192 156
p/747.png 1 0 0 196 170
p/746.png 1 0 0 172 156
p/745.png 1 0 0 166 153
p/744.png 1 0 0 173 144
p/743.png 1 0 0 201 178
p/742.png 1 0 0 242 281
p/741.png 1 0 0 203 203
p/740.png 1 0 0 214 228
p/739.png 1 0 0 217 221
p/738.png 1 0 0 253 256
p/737.png 1 0 0 184 174
p/736.png 1 0 0 211 269
p/735.png 1 0 0 234 249
p/734.png 1 0 0 247 220
p/733.png 1 0 0 226 244
p/732.png 1 0 0 240 243
p/731.png 1 0 0 234 226
p/730.png 1 0 0 225 261
p/729.png 1 0 0 234 256
p/728.png 1 0 0 164 149
p/727.png 1 0 0 153 141
p/726.png 1 0 0 186 154
p/725.png 1 0 0 199 171
p/724.png 1 0 0 171 160
p/723.png 1 0 0 153 142
p/722.png 1 0 0 157 147
p/721.png 1 0 0 171 167
p/720.png 1 0 0 163 153
p/719.png 1 0 0 137 130
p/718.png 1 0 0 160 150
p/717.png 1 0 0 157 154
p/716.png 1 0 0 190 168
p/715.png 1 0 0 139 141
p/714.png 1 0 0 134 142
p/713.png 1 0 0 165 162
p/712.png 1 0 0 147 151
p/711.png 1 0 0 168 153
p/710.png 1 0 0 132 138
p/709.png 1 0 0 170 192
p/708.png 1 0 0 177 166
p/707.png 1 0 0 157 157
p/706.png 1 0 0 154 152
p/705.png 1 0 0 168 170
p/704.png 1 0 0 181 172
p/703.png 1 0 0 146 144
p/702.png 1 0 0 166 154
p/701.png 1 0 0 181 171
p/700.png 1 0 0 186 177
p/699.png 1 0 0 164 156
p/698.png 1 0 0 175 158
p/697.png 1 0 0 156 144
p/696.png 1 0 0 203 171
p/695.png 1 0 0 161 152
p/694.png 1 0 0 148 138
p/693.png 1 0 0 154 151
p/692.png 1 0 0 183 173
p/691.png 1 0 0 155 135
p/690.png 1 0 0 155 143
p/689.png 1 0 0 178 143
p/688.png 1 0 0 153 149
p/687.png 1 0 0 154 143
p/686.png 1 0 0 160 162
p/685.png 1 0 0 154 157
p/684.png 1 0 0 153 150
p/683.png 1 0 0 142 144
p/682.png 1 0 0 154 150
p/681.png 1 0 0 149 150
p/680.png 1 0 0 171 159
p/679.png 1 0 0 148 152
p/678.png 1 0 0 178 177
p/677.png 1 0 0 162 162
p/676.png 1 0 0 163 166
p/675.png 1 0 0 165 165
p/674.png 1 0 0 166 164
p/673.png 1 0 0 162 159
p/672.png 1 0 0 151 157
p/671.png 1 0 0 172 183
p/670.png 1 0 0 149 158
p/669.png 1 0 0 173 181
p/668.png 1 0 0 156 168
p/667.png 1 0 0 142 147
p/666.png 1 0 0 153 163
p/665.png 1 0 0 159 176
p/664.png 1 0 0 147 168
p/663.png 1 0 0 146 158
p/662.png 1 0 0 202 196
p/661.png 1 0 0 161 166
p/660.png 1 0 0 180 187
p/659.png 1 0 0 164 182
p/658.png 1 0 0 190 194
p/657.png 1 0 0 142 160
p/656.png 1 0 0 151 168
p/655.png 1 0 0 137 158
p/654.png 1 0 0 150 159
p/653.png 1 0 0 149 146
p/652.png 1 0 0 160 173
p/651.png 1 0 0 184 182
p/650.png 1 0 0 196 187
p/649.png 1 0 0 139 163
p/648.png 1 0 0 176 173
p/647.png 1 0 0 133 153
p/646.png 1 0 0 165 177
p/645.png 1 0 0 172 174
p/644.png 1 0 0 130 142
p/643.png 1 0 0 165 177
p/642.png 1 0 0 126 155
p/641.png 1 0 0 153 175
p/640.png 1 0 0 146 153
p/623.png 1 0 0 155 176
p/620.png 1 0 0 149 152
p/639.png 1 0 0 169 182
p/637.png 1 0 0 179 187
p/635.png 1 0 0 159 179
p/633.png 1 0 0 224 244
p/631.png 1 0 0 177 149
p/629.png 1 0 0 164 172
p/627.png 1 0 0 106 111
p/625.png 1 0 0 143 162
p/622.png 1 0 0 240 230
p/619.png 1 0 0 174 159
p/638.png 1 0 0 100 105
p/636.png 1 0 0 159 171
p/634.png 1 0 0 218 224
p/632.png 1 0 0 90 108
p/630.png 1 0 0 176 164
p/628.png 1 0 0 58 57
p/626.png 1 0 0 205 208
p/624.png 1 0 0 156 159
p/621.png 1 0 0 110 111
p/618.png 1 0 0 150 167
p/608.png 1 0 0 63 60
p/607.png 1 0 0 130 154
p/606.png 1 0 0 230 213
p/605.png 1 0 0 157 154
p/604.png 1 0 0 96 108
p/603.png 1 0 0 149 155
p/602.png 1 0 0 206 216
p/601.png 1 0 0 150 166
p/600.png 1 0 0 100 112
p/599.png 1 0 0 143 154
p/617.png 1 0 0 209 222
p/616.png 1 0 0 129 148
p/615.png 1 0 0 110 111
p/614.png 1 0 0 148 154
p/613.png 1 0 0 205 223
p/612.png 1 0 0 61 53
p/611.png 1 0 0 108 113
p/610.png 1 0 0 158 165
p/609.png 1 0 0 235 245
p/598.png 1 0 0 206 191
p/597.png 1 0 0 117 114
p/596.png 1 0 0 123 107
p/595.png 1 0 0 186 169
p/594.png 1 0 0 110 107
p/593.png 1 0 0 124 120
p/592.png 1 0 0 189 177
p/591.png 1 0 0 132 121
p/590.png 1 0 0 135 118
p/589.png 1 0 0 126 118
p/588.png 1 0 0 179 189
p/587.png 1 0 0 117 117
p/586.png 1 0 0 121 123
p/585.png 1 0 0 200 166
p/584.png 1 0 0 140 113
p/583.png 1 0 0 103 108
p/582.png 1 0 0 146 128
p/581.png 1 0 0 123 116
p/580.png 1 0 0 180 184
p/579.png 1 0 0 111 109
p/578.png 1 0 0 134 119
p/577.png 1 0 0 168 181
p/576.png 1 0 0 147 121
p/575.png 1 0 0 183 156
p/574.png 1 0 0 189 198
p/573.png 1 0 0 128 120
p/572.png 1 0 0 185 182
p/571.png 1 0 0 137 137
p/570.png 1 0 0 107 104
p/569.png 1 0 0 203 186
p/568.png 1 0 0 148 134
p/567.png 1 0 0 137 114
p/566.png 1 0 0 198 188
p/565.png 1 0 0 132 133
p/564.png 1 0 0 118 121
p/563.png 1 0 0 216 207
p/562.png 1 0 0 124 110
p/561.png 1 0 0 132 117
p/560.png 1 0 0 185 176
p/559.png 1 0 0 140 118
p/558.png 1 0 0 126 117
p/557.png 1 0 0 128 129
p/556.png 1 0 0 135 130
p/555.png 1 0 0 220 198
p/554.png 1 0 0 118 108
p/553.png 1 0 0 112 128
p/552.png 1 0 0 132 112
p/551.png 1 0 0 116 111
p/550.png 1 0 0 126 112
p/549.png 1 0 0 146 135
p/548.png 1 0 0 134 114
p/547.png 1 0 0 160 171
p/546.png 1 0 0 114 109
p/545.png 1 0 0 113 117
p/544.png 1 0 0 209 192
p/543.png 1 0 0 117 120
p/542.png 1 0 0 106 105
p/541.png 1 0 0 148 120
p/540.png 1 0 0 132 121
p/539.png 1 0 0 220 211
p/538.png 1 0 0 137 121
p/537.png 1 0 0 115 120
p/536.png 1 0 0 202 175
p/535.png 1 0 0 128 117
p/534.png 1 0 0 138 109
p/533.png 1 0 0 204 188
p/532.png 1 0 0 170 145
p/531.png 1 0 0 135 133
p/530.png 1 0 0 187 180
p/529.png 1 0 0 135 125
p/528.png 1 0 0 128 112
p/527.png 1 0 0 195 181
p/526.png 1 0 0 151 129
p/525.png 1 0 0 142 122
p/524.png 1 0 0 209 202
p/523.png 1 0 0 134 126
p/522.png 1 0 0 128 123
p/521.png 1 0 0 230 205
p/520.png 1 0 0 144 135
p/519.png 1 0 0 163 131
p/518.png 1 0 0 218 175
p/517.png 1 0 0 130 117
p/516.png 1 0 0 142 126
p/515.png 1 0 0 191 177
p/514.png 1 0 0 163 124
p/513.png 1 0 0 121 110
p/512.png 1 0 0 250 225
p/511.png 1 0 0 129 111
p/510.png 1 0 0 127 104
p/509.png 1 0 0 218 200
p/508.png 1 0 0 161 137
p/507.png 1 0 0 136 124
p/506.png 1 0 0 226 202
p/505.png 1 0 0 149 149
p/504.png 1 0 0 117 114
p/503.png 1 0 0 210 200
p/502.png 1 0 0 137 133
p/501.png 1 0 0 230 225
p/500.png 1 0 0 143 131
p/499.png 1 0 0 135 114
p/498.png 1 0 0 187 190
p/497.png 1 0 0 172 136
p/496.png 1 0 0 149 135
p/495.png 1 0 0 253 227
p/494.png 1 0 0 165 152
p/493.png 1 0 0 153 151
p/492.png 1 0 0 225 213
p/491.png 1 0 0 142 142
p/490.png 1 0 0 149 143
p/489.png 1 0 0 174 182
p/488.png 1 0 0 136 118
p/487.png 1 0 0 157 149
p/486.png 1 0 0 193 179
p/485.png 1 0 0 146 129
p/484.png 1 0 0 119 110
p/483.png 1 0 0 200 197
p/482.png 1 0 0 124 118
p/481.png 1 0 0 171 149
p/480.png 1 0 0 145 126
p/479.png 1 0 0 132 130
p/478.png 1 0 0 137 116
p/477.png 1 0 0 137 131
p/476.png 1 0 0 135 133
p/475.png 1 0 0 150 121
p/474.png 1 0 0 122 101
p/473.png 1 0 0 124 130
p/472.png 1 0 0 122 116
p/471.png 1 0 0 139 121
p/470.png 1 0 0 138 123
p/469.png 1 0 0 139 132
p/468.png 1 0 0 120 116
p/467.png 1 0 0 166 127
p/466.png 1 0 0 145 135
p/465.png 1 0 0 190 191
p/464.png 1 0 0 152 138
p/463.png 1 0 0 138 117
p/462.png 1 0 0 220 184
p/461.png 1 0 0 133 125
p/460.png 1 0 0 119 133
p/459.png 1 0 0 178 190
p/458.png 1 0 0 140 130
p/457.png 1 0 0 143 128
p/456.png 1 0 0 233 201
p/455.png 1 0 0 145 125
p/454.png 1 0 0 127 111
p/453.png 1 0 0 194 191
p/452.png 1 0 0 143 127
p/451.png 1 0 0 133 117
p/450.png 1 0 0 226 177
p/449.png 1 0 0 142 134
p/448.png 1 0 0 113 127
p/447.png 1 0 0 198 191
p/446.png 1 0 0 128 118
p/445.png 1 0 0 137 121
p/444.png 1 0 0 155 155
p/443.png 1 0 0 132 120
p/442.png 1 0 0 170 188
p/441.png 1 0 0 139 119
p/440.png 1 0 0 130 132
p/439.png 1 0 0 216 195
p/438.png 1 0 0 157 136
p/437.png 1 0 0 113 108
p/436.png 1 0 0 160 170
p/435.png 1 0 0 113 115
p/434.png 1 0 0 134 131
p/433.png 1 0 0 100 106
p/432.png 1 0 0 188 184
p/431.png 1 0 0 140 132
p/430.png 1 0 0 149 136
p/429.png 1 0 0 170 170
p/428.png 1 0 0 134 117
p/427.png 1 0 0 104 117
p/426.png 1 0 0 128 125
p/425.png 1 0 0 127 122
p/424.png 1 0 0 140 115
p/423.png 1 0 0 120 119
p/422.png 1 0 0 130 118
p/421.png 1 0 0 181 186
p/420.png 1 0 0 178 179
p/419.png 1 0 0 170 164
p/418.png 1 0 0 140 158
p/417.png 1 0 0 254 218
p/416.png 1 0 0 222 180
p/415.png 1 0 0 187 184
p/414.png 1 0 0 184 166
p/413.png 1 0 0 260 212
p/412.png 1 0 0 185 159
p/411.png 1 0 0 239 229
p/410.png 1 0 0 200 197
p/409.png 1 0 0 189 181
p/408.png 1 0 0 182 167
p/407.png 1 0 0 198 190
p/406.png 1 0 0 183 172
p/405.png 1 0 0 181 163
p/404.png 1 0 0 173 183
p/403.png 1 0 0 165 166
p/402.png 1 0 0 233 239
p/401.png 1 0 0 218 192
p/400.png 1 0 0 203 195
p/399.png 1 0 0 189 175
p/398.png 1 0 0 180 183
p/397.png 1 0 0 217 196
p/396.png 1 0 0 173 157
p/395.png 1 0 0 248 227
p/394.png 1 0 0 260 234
p/393.png 1 0 0 219 207
p/392.png 1 0 0 221 205
p/391.png 1 0 0 180 155
p/390.png 1 0 0 157 169
p/389.png 1 0 0 148 139
p/388.png 1 0 0 206 199
p/387.png 1 0 0 157 158
p/386.png 1 0 0 185 176
p/385.png 1 0 0 143 149
p/384.png 1 0 0 178 164
p/383.png 1 0 0 186 178
p/382.png 1 0 0 189 172
p/381.png 1 0 0 175 183
p/380.png 1 0 0 145 145
p/379.png 1 0 0 242 225
p/378.png 1 0 0 174 170
p/377.png 1 0 0 162 164
p/376.png 1 0 0 157 155
p/375.png 1 0 0 288 261
p/374.png 1 0 0 176 168
p/373.png 1 0 0 185 163
p/372.png 1 0 0 168 165
p/371.png 1 0 0 187 159
p/370.png 1 0 0 187 176
p/369.png 1 0 0 174 160
p/368.png 1 0 0 274 237
p/367.png 1 0 0 202 177
p/366.png 1 0 0 180 187
p/365.png 1 0 0 170 176
p/364.png 1 0 0 156 154
p/363.png 1 0 0 186 179
p/362.png 1 0 0 178 195
p/361.png 1 0 0 155 152
p/360.png 1 0 0 240 234
p/359.png 1 0 0 168 164
p/358.png 1 0 0 173 170
p/357.png 1 0 0 146 157
p/356.png 1 0 0 189 154
p/355.png 1 0 0 130 159
p/354.png 1 0 0 186 166
p/353.png 1 0 0 154 151
p/352.png 1 0 0 221 218
p/351.png 1 0 0 179 172
p/350.png 1 0 0 157 160
p/349.png 1 0 0 150 159
p/348.png 1 0 0 184 172
p/347.png 1 0 0 147 171
p/346.png 1 0 0 205 189
p/345.png 1 0 0 167 180
p/344.png 1 0 0 166 155
p/343.png 1 0 0 241 249
p/342.png 1 0 0 239 192
p/341.png 1 0 0 153 161
p/340.png 1 0 0 174 161
p/339.png 1 0 0 184 172
p/338.png 1 0 0 115 116
p/337.png 1 0 0 267 251
p/336.png 1 0 0 118 122
p/335.png 1 0 0 209 197
p/334.png 1 0 0 118 123
p/333.png 1 0 0 224 243
p/332.png 1 0 0 123 124
p/331.png 1 0 0 230 232
p/330.png 1 0 0 140 135
p/329.png 1 0 0 201 166
p/328.png 1 0 0 114 119
p/327.png 1 0 0 216 220
p/326.png 1 0 0 152 136
p/325.png 1 0 0 127 125
p/324.png 1 0 0 175 166
p/323.png 1 0 0 135 126
p/322.png 1 0 0 230 220
p/321.png 1 0 0 139 137
p/320.png 1 0 0 219 230
p/319.png 1 0 0 122 111
p/318.png 1 0 0 172 185
p/317.png 1 0 0 157 134
p/316.png 1 0 0 218 203
p/315.png 1 0 0 155 151
p/314.png 1 0 0 144 138
p/313.png 1 0 0 118 109
p/312.png 1 0 0 196 201
p/311.png 1 0 0 127 115
p/310.png 1 0 0 222 229
p/309.png 1 0 0 118 108
p/308.png 1 0 0 187 201
p/307.png 1 0 0 171 145
p/306.png 1 0 0 178 176
p/305.png 1 0 0 143 126
p/304.png 1 0 0 210 223
p/303.png 1 0 0 135 119
p/302.png 1 0 0 178 162
p/301.png 1 0 0 146 146
p/300.png 1 0 0 267 242
p/299.png 1 0 0 123 116
p/298.png 1 0 0 218 219
p/297.png 1 0 0 159 137
p/296.png 1 0 0 195 172
p/295.png 1 0 0 124 122
p/294.png 1 0 0 182 169
p/293.png 1 0 0 131 114
p/292.png 1 0 0 229 234
p/291.png 1 0 0 140 123
p/290.png 1 0 0 220 226
p/289.png 1 0 0 128 128
p/288.png 1 0 0 224 186
p/287.png 1 0 0 123 116
p/286.png 1 0 0 276 227
p/285.png 1 0 0 155 147
p/284.png 1 0 0 223 226
p/283.png 1 0 0 204 212
p/282.png 1 0 0 153 133
p/281.png 1 0 0 240 236
p/280.png 1 0 0 129 126
p/279.png 1 0 0 250 259
p/278.png 1 0 0 176 177
p/277.png 1 0 0 135 128
p/276.png 1 0 0 227 220
p/275.png 1 0 0 138 142
p/274.png 1 0 0 129 123
p/273.png 1 0 0 192 199
p/272.png 1 0 0 173 174
p/271.png 1 0 0 133 123
p/270.png 1 0 0 235 215
p/269.png 1 0 0 119 114
p/268.png 1 0 0 238 240
p/267.png 1 0 0 126 120
p/266.png 1 0 0 179 176
p/265.png 1 0 0 147 132
p/264.png 1 0 0 216 205
p/263.png 1 0 0 110 119
p/262.png 1 0 0 200 208
p/261.png 1 0 0 146 120
p/260.png 1 0 0 189 169
p/259.png 1 0 0 124 126
p/258.png 1 0 0 207 197
p/257.png 1 0 0 140 130
p/256.png 1 0 0 195 204
p/255.png 1 0 0 174 176
p/254.png 1 0 0 125 137
p/253.png 1 0 0 195 218
p/252.png 1 0 0 110 117
p/251.png 1 0 0 224 223
p/250.png 1 0 0 109 132
p/249.png 1 0 0 177 166
p/248.png 1 0 0 133 118
p/247.png 1 0 0 211 222
p/246.png 1 0 0 107 119
p/245.png 1 0 0 119 121
p/244.png 1 0 0 243 224
p/243.png 1 0 0 180 163
p/242.png 1 0 0 119 122
p/241.png 1 0 0 202 203
p/240.png 1 0 0 116 128
p/239.png 1 0 0 171 160
p/238.png 1 0 0 104 110
p/237.png 1 0 0 211 212
p/236.png 1 0 0 121 118
p/235.png 1 0 0 217 237
p/234.png 1 0 0 119 106
p/233.png 1 0 0 176 189
p/232.png 1 0 0 145 123
p/231.png 1 0 0 213 224
p/230.png 1 0 0 112 124
p/229.png 1 0 0 221 217
p/228.png 1 0 0 123 128
p/227.png 1 0 0 252 248
p/226.png 1 0 0 107 125
p/225.png 1 0 0 181 166
p/224.png 1 0 0 124 124
p/223.png 1 0 0 210 224
p/222.png 1 0 0 109 112
p/221.png 1 0 0 212 213
p/220.png 1 0 0 189 208
p/219.png 1 0 0 111 113
p/218.png 1 0 0 169 139
p/217.png 1 0 0 188 201
p/216.png 1 0 0 114 109
p/215.png 1 0 0 237 246
p/214.png 1 0 0 135 146
p/213.png 1 0 0 241 227
p/212.png 1 0 0 184 172
p/211.png 1 0 0 129 133
p/210.png 1 0 0 222 220
p/209.png 1 0 0 118 135
p/208.png 1 0 0 230 247
p/207.png 1 0 0 176 161
p/206.png 1 0 0 118 126
p/205.png 1 0 0 188 201
p/204.png 1 0 0 181 156
p/203.png 1 0 0 133 144
p/202.png 1 0 0 227 195
p/201.png 1 0 0 111 116
p/200.png 1 0 0 277 227
p/199.png 1 0 0 103 105
p/198.png 1 0 0 195 189
p/197.png 1 0 0 187 172
p/196.png 1 0 0 123 111
p/195.png 1 0 0 107 119
p/194.png 1 0 0 181 226
p/193.png 1 0 0 122 110
p/192.png 1 0 0 130 123
p/191.png 1 0 0 191 201
p/190.png 1 0 0 209 201
p/189.png 1 0 0 127 120
p/188.png 1 0 0 200 219
p/187.png 1 0 0 121 134
p/186.png 1 0 0 197 217
p/185.png 1 0 0 128 100
p/184.png 1 0 0 236 214
p/183.png 1 0 0 108 130
p/182.png 1 0 0 227 232
p/181.png 1 0 0 136 131
p/180.png 1 0 0 212 206
p/179.png 1 0 0 167 151
p/178.png 1 0 0 125 116
p/177.png 1 0 0 214 213
p/176.png 1 0 0 154 155
p/175.png 1 0 0 217 236
p/174.png 1 0 0 208 160
p/173.png 1 0 0 111 121
p/172.png 1 0 0 211 207
p/171.png 1 0 0 122 131
p/170.png 1 0 0 226 203
p/169.png 1 0 0 197 179
p/168.png 1 0 0 123 127
p/167.png 1 0 0 221 219
p/166.png 1 0 0 109 118
p/165.png 1 0 0 194 216
p/164.png 1 0 0 209 182
p/163.png 1 0 0 93 104
p/162.png 1 0 0 233 216
p/161.png 1 0 0 133 141
p/160.png 1 0 0 180 206
p/159.png 1 0 0 203 189
p/158.png 1 0 0 135 137
p/157.png 1 0 0 234 235
p/156.png 1 0 0 125 144
p/155.png 1 0 0 147 161
p/154.png 1 0 0 141 139
p/153.png 1 0 0 195 211
p/152.png 1 0 0 98 98
p/151.png 1 0 0 210 201
p/150.png 1 0 0 172 167
p/149.png 1 0 0 123 105
p/148.png 1 0 0 112 115
p/147.png 1 0 0 215 218
p/146.png 1 0 0 127 114
p/145.png 1 0 0 239 224
p/144.png 1 0 0 114 126
p/143.png 1 0 0 234 242
p/142.png 1 0 0 156 181
p/141.png 1 0 0 128 144
p/140.png 1 0 0 141 143
p/139.png 1 0 0 141 143
p/138.png 1 0 0 134 159
p/137.png 1 0 0 130 135
p/136.png 1 0 0 166 162
p/135.png 1 0 0 209 234
p/134.png 1 0 0 132 152
p/133.png 1 0 0 223 241
p/132.png 1 0 0 119 133
p/131.png 1 0 0 233 251
p/130.png 1 0 0 140 131
p/129.png 1 0 0 134 139
p/128.png 1 0 0 222 232
p/127.png 1 0 0 241 235
p/126.png 1 0 0 122 153
p/125.png 1 0 0 205 225
p/124.png 1 0 0 121 134
p/123.png 1 0 0 230 248
p/122.png 1 0 0 127 140
p/121.png 1 0 0 112 127
p/120.png 1 0 0 237 264
p/119.png 1 0 0 125 136
p/118.png 1 0 0 231 267
p/117.png 1 0 0 248 243
p/116.png 1 0 0 252 265
p/115.png 1 0 0 221 191
p/114.png 1 0 0 158 137
p/113.png 1 0 0 228 196
p/112.png 1 0 0 170 123
p/111.png 1 0 0 300 257
p/110.png 1 0 0 173 152
p/109.png 1 0 0 299 226
p/108.png 1 0 0 218 182
p/107.png 1 0 0 175 148
p/106.png 1 0 0 176 141
p/105.png 1 0 0 308 235
p/104.png 1 0 0 206 183
p/103.png 1 0 0 162 142
p/102.png 1 0 0 208 189
p/101.png 1 0 0 177 145
p/100.png 1 0 0 180 153
p/99.png 1 0 0 352 248
p/98.png 1 0 0 270 189
p/97.png 1 0 0 200 153
p/96.png 1 0 0 182 144
p/95.png 1 0 0 312 243
p/94.png 1 0 0 379 240
p/93.png 1 0 0 215 169
p/92.png 1 0 0 235 202
p/91.png 1 0 0 284 260
p/90.png 1 0 0 161 146
p/89.png 1 0 0 248 188
p/88.png 1 0 0 153 136
p/87.png 1 0 0 236 221
p/86.png 1 0 0 214 171
p/85.png 1 0 0 108 133
p/84.png 1 0 0 140 152
p/83.png 1 0 0 226 226
p/82.png 1 0 0 195 171
p/81.png 1 0 0 160 130
p/80.png 1 0 0 129 120
p/79.png 1 0 0 250 229
p/78.png 1 0 0 137 127
p/77.png 1 0 0 180 189
p/76.png 1 0 0 129 133
p/75.png 1 0 0 116 134
p/74.png 1 0 0 272 237
p/73.png 1 0 0 140 123
p/72.png 1 0 0 196 169
p/71.png 1 0 0 151 127
p/70.png 1 0 0 256 220
p/69.png 1 0 0 141 138
p/68.png 1 0 0 127 123
p/67.png 1 0 0 215 174
p/66.png 1 0 0 292 245
p/65.png 1 0 0 159 133
p/64.png 1 0 0 121 128
p/63.png 1 0 0 207 170
p/62.png 1 0 0 139 132
p/61.png 1 0 0 256 231
p/60.png 1 0 0 129 117
p/59.png 1 0 0 194 172
p/58.png 1 0 0 141 135
p/57.png 1 0 0 234 223
p/56.png 1 0 0 160 128
p/55.png 1 0 0 181 183
p/54.png 1 0 0 147 125
p/53.png 1 0 0 279 216
p/52.png 1 0 0 137 136
p/51.png 1 0 0 196 179
p/50.png 1 0 0 112 121
p/49.png 1 0 0 235 228
p/48.png 1 0 0 119 121
p/47.png 1 0 0 169 182
p/46.png 1 0 0 134 111
p/45.png 1 0 0 228 243
p/44.png 1 0 0 121 140
p/43.png 1 0 0 137 119
p/42.png 1 0 0 194 176
p/41.png 1 0 0 272 222
p/40.png 1 0 0 136 126
p/39.png 1 0 0 145 124
p/38.png 1 0 0 226 188
p/37.png 1 0 0 182 139
p/36.png 1 0 0 189 241
p/35.png 1 0 0 135 132
p/34.png 1 0 0 149 180
p/33.png 1 0 0 255 235
p/32.png 1 0 0 116 118
p/31.png 1 0 0 186 176
p/30.png 1 0 0 163 131
p/29.png 1 0 0 289 234
p/28.png 1 0 0 147 144
p/27.png 1 0 0 195 186
p/26.png 1 0 0 166 140
p/25.png 1 0 0 251 246
p/24.png 1 0 0 164 134
p/23.png 1 0 0 200 184
p/22.png 1 0 0 273 255
p/21.png 1 0 0 186 192
p/20.png 1 0 0 177 149
p/19.png 1 0 0 178 148
p/18.png 1 0 0 228 252
p/17.png 1 0 0 164 148
p/16.png 1 0 0 184 190
p/15.png 1 0 0 144 118
p/14.png 1 0 0 194 190
p/13.png 1 0 0 140 132
p/12.png 1 0 0 127 145
p/11.png 1 0 0 295 278
p/10.png 1 0 0 138 142
p/9.png 1 0 0 287 231
p/8.png 1 0 0 178 176
p/7.png 1 0 0 148 127
p/6.png 1 0 0 118 123
p/5.png 1 0 0 261 237
p/4.png 1 0 0 163 175
p/3.png 1 0 0 119 119
p/2.png 1 0 0 186 181
p/1.png 1 0 0 122 128